#
# There is insufficient memory for the Java Runtime Environment to continue.
# Native memory allocation (malloc) failed to allocate 510416 bytes for Chunk::new
# Possible reasons:
#   The system is out of physical RAM or swap space
#   The process is running with CompressedOops enabled, and the Java Heap may be blocking the growth of the native heap
# Possible solutions:
#   Reduce memory load on the system
#   Increase physical memory or swap space
#   Check if swap backing store is full
#   Decrease Java heap size (-Xmx/-Xms)
#   Decrease number of Java threads
#   Decrease Java thread stack sizes (-Xss)
#   Set larger code cache with -XX:ReservedCodeCacheSize=
#   JVM is running with Unscaled Compressed Oops mode in which the Java heap is
#     placed in the first 4GB address space. The Java Heap base address is the
#     maximum limit for the native heap growth. Please use -XX:HeapBaseMinAddress
#     to set the Java Heap base and to place the Java Heap above 4GB virtual address.
# This output file may be truncated or incomplete.
#
#  Out of Memory Error (allocation.cpp:389), pid=14152, tid=0x0000000000005a14
#
# JRE version: Java(TM) SE Runtime Environment (8.0_261-b12) (build 1.8.0_261-b12)
# Java VM: Java HotSpot(TM) 64-Bit Server VM (25.261-b12 mixed mode windows-amd64 compressed oops)
# Failed to write core dump. Minidumps are not enabled by default on client versions of Windows
#

---------------  T H R E A D  ---------------

Current thread (0x000001a6a1006000):  JavaThread "C2 CompilerThread1" daemon [_thread_in_native, id=23060, stack(0x00000038d1200000,0x00000038d1300000)]

Stack: [0x00000038d1200000,0x00000038d1300000]
Native frames: (J=compiled Java code, j=interpreted, Vv=VM code, C=native code)
V  [jvm.dll+0x33e5f9]
V  [jvm.dll+0x2850e2]
V  [jvm.dll+0x285d8d]
V  [jvm.dll+0x27c895]
V  [jvm.dll+0xe4d6c]
V  [jvm.dll+0xe556c]
V  [jvm.dll+0x461812]
V  [jvm.dll+0x49cc3d]
V  [jvm.dll+0x4511ef]
V  [jvm.dll+0x44eb84]
V  [jvm.dll+0x439bc7]
V  [jvm.dll+0xbbbcb]
V  [jvm.dll+0xba22b]
V  [jvm.dll+0x24d962]
V  [jvm.dll+0x2a1cfc]
C  [ucrtbase.dll+0x20e82]
C  [KERNEL32.DLL+0x17bd4]
C  [ntdll.dll+0x6ce51]


Current CompileTask:
C2:   4605 2727       4       org.objectweb.asm.Frame::execute (2318 bytes)


---------------  P R O C E S S  ---------------

Java Threads: ( => current thread )
  0x000001a6a1569800 JavaThread "Cache worker for execution history cache (C:\Users\kobe\.gradle\caches\6.1.1\executionHistory)" [_thread_blocked, id=16068, stack(0x00000038d3000000,0x00000038d3100000)]
  0x000001a6a156c800 JavaThread "Cache worker for cache directory md-rule (C:\Users\kobe\.gradle\caches\6.1.1\md-rule)" [_thread_blocked, id=24812, stack(0x00000038d2f00000,0x00000038d3000000)]
  0x000001a6a156d000 JavaThread "Cache worker for cache directory md-supplier (C:\Users\kobe\.gradle\caches\6.1.1\md-supplier)" [_thread_blocked, id=9992, stack(0x00000038d2e00000,0x00000038d2f00000)]
  0x000001a6a1568800 JavaThread "Cache worker for file hash cache (E:\code\medbit-woman-child\.gradle\6.1.1\fileHashes)" [_thread_blocked, id=24688, stack(0x00000038d2d00000,0x00000038d2e00000)]
  0x000001a6a156e000 JavaThread "Cache worker for checksums cache (E:\code\medbit-woman-child\.gradle\checksums)" [_thread_blocked, id=24292, stack(0x00000038d2c00000,0x00000038d2d00000)]
  0x000001a6a156e800 JavaThread "Cache worker for file hash cache (C:\Users\kobe\.gradle\caches\6.1.1\fileHashes)" [_thread_blocked, id=9568, stack(0x00000038d2b00000,0x00000038d2c00000)]
  0x000001a6a156b800 JavaThread "File lock request listener" [_thread_in_native, id=11328, stack(0x00000038d2a00000,0x00000038d2b00000)]
  0x000001a6a156f800 JavaThread "Cache worker for journal cache (C:\Users\kobe\.gradle\caches\journal-1)" [_thread_blocked, id=5284, stack(0x00000038d2900000,0x00000038d2a00000)]
  0x000001a6a3184000 JavaThread "Thread-9" [_thread_blocked, id=25220, stack(0x00000038d2800000,0x00000038d2900000)]
  0x000001a6a3161000 JavaThread "Stdin handler" [_thread_blocked, id=13452, stack(0x00000038d2700000,0x00000038d2800000)]
  0x000001a6a3174000 JavaThread "Asynchronous log dispatcher for DefaultDaemonConnection: socket connection from /127.0.0.1:51373 to /127.0.0.1:51374" [_thread_blocked, id=18176, stack(0x00000038d2600000,0x00000038d2700000)]
  0x000001a6a3172800 JavaThread "Daemon worker" [_thread_in_native, id=23184, stack(0x00000038d2500000,0x00000038d2600000)]
  0x000001a6a316f000 JavaThread "Cancel handler" [_thread_blocked, id=20032, stack(0x00000038d2400000,0x00000038d2500000)]
  0x000001a6a3180000 JavaThread "Handler for socket connection from /127.0.0.1:51373 to /127.0.0.1:51374" [_thread_in_native, id=7248, stack(0x00000038d2300000,0x00000038d2400000)]
  0x000001a6a308b800 JavaThread "Daemon" [_thread_blocked, id=3104, stack(0x00000038d2200000,0x00000038d2300000)]
  0x000001a6a30e7800 JavaThread "Daemon periodic checks" [_thread_blocked, id=17188, stack(0x00000038d2100000,0x00000038d2200000)]
  0x000001a6a30d8800 JavaThread "Incoming local TCP Connector on port 51373" [_thread_in_native, id=23792, stack(0x00000038d2000000,0x00000038d2100000)]
  0x000001a6a2fbf000 JavaThread "Daemon health stats" [_thread_blocked, id=15592, stack(0x00000038d1f00000,0x00000038d2000000)]
  0x000001a6a1134800 JavaThread "Service Thread" daemon [_thread_blocked, id=14472, stack(0x00000038d1d00000,0x00000038d1e00000)]
  0x000001a6a10e0000 JavaThread "C1 CompilerThread11" daemon [_thread_blocked, id=19108, stack(0x00000038d1c00000,0x00000038d1d00000)]
  0x000001a6a10b3800 JavaThread "C1 CompilerThread10" daemon [_thread_blocked, id=19988, stack(0x00000038d1b00000,0x00000038d1c00000)]
  0x000001a6a10ab000 JavaThread "C1 CompilerThread9" daemon [_thread_blocked, id=22432, stack(0x00000038d1a00000,0x00000038d1b00000)]
  0x000001a6a1093800 JavaThread "C1 CompilerThread8" daemon [_thread_blocked, id=24056, stack(0x00000038d1900000,0x00000038d1a00000)]
  0x000001a6a106e800 JavaThread "C2 CompilerThread7" daemon [_thread_in_native, id=19760, stack(0x00000038d1800000,0x00000038d1900000)]
  0x000001a6a106e000 JavaThread "C2 CompilerThread6" daemon [_thread_blocked, id=16120, stack(0x00000038d1700000,0x00000038d1800000)]
  0x000001a6a106d000 JavaThread "C2 CompilerThread5" daemon [_thread_blocked, id=22040, stack(0x00000038d1600000,0x00000038d1700000)]
  0x000001a6a1065000 JavaThread "C2 CompilerThread4" daemon [_thread_blocked, id=16480, stack(0x00000038d1500000,0x00000038d1600000)]
  0x000001a6a105f000 JavaThread "C2 CompilerThread3" daemon [_thread_blocked, id=17424, stack(0x00000038d1400000,0x00000038d1500000)]
  0x000001a6a105c000 JavaThread "C2 CompilerThread2" daemon [_thread_in_native, id=24372, stack(0x00000038d1300000,0x00000038d1400000)]
=>0x000001a6a1006000 JavaThread "C2 CompilerThread1" daemon [_thread_in_native, id=23060, stack(0x00000038d1200000,0x00000038d1300000)]
  0x000001a6a1004000 JavaThread "C2 CompilerThread0" daemon [_thread_blocked, id=8196, stack(0x00000038d1100000,0x00000038d1200000)]
  0x000001a6a105b000 JavaThread "Attach Listener" daemon [_thread_blocked, id=22088, stack(0x00000038d1000000,0x00000038d1100000)]
  0x000001a6a0ff0000 JavaThread "Signal Dispatcher" daemon [_thread_blocked, id=20144, stack(0x00000038d0f00000,0x00000038d1000000)]
  0x000001a69e30d000 JavaThread "Finalizer" daemon [_thread_blocked, id=20024, stack(0x00000038d0e00000,0x00000038d0f00000)]
  0x000001a69e304000 JavaThread "Reference Handler" daemon [_thread_blocked, id=18960, stack(0x00000038d0d00000,0x00000038d0e00000)]
  0x000001a688024000 JavaThread "main" [_thread_blocked, id=17756, stack(0x00000038cfe00000,0x00000038cff00000)]

Other Threads:
  0x000001a69e2d9800 VMThread [stack: 0x00000038d0c00000,0x00000038d0d00000] [id=24012]
  0x000001a6a113a800 WatcherThread [stack: 0x00000038d1e00000,0x00000038d1f00000] [id=24344]

VM state:not at safepoint (normal execution)

VM Mutex/Monitor currently owned by a thread:  ([mutex/lock_event])
[0x000001a688022ab0] MethodCompileQueue_lock - owner thread: 0x0000000000000000

heap address: 0x0000000080000000, size: 2048 MB, Compressed Oops mode: 32-bit
Narrow klass base: 0x0000000000000000, Narrow klass shift: 3
Compressed class space size: 1073741824 Address: 0x0000000100000000

Heap:
 PSYoungGen      total 73728K, used 21966K [0x00000000d5580000, 0x00000000da780000, 0x0000000100000000)
  eden space 63488K, 23% used [0x00000000d5580000,0x00000000d63f9fe8,0x00000000d9380000)
  from space 10240K, 69% used [0x00000000d9d80000,0x00000000da479880,0x00000000da780000)
  to   space 10240K, 0% used [0x00000000d9380000,0x00000000d9380000,0x00000000d9d80000)
 ParOldGen       total 85504K, used 12998K [0x0000000080000000, 0x0000000085380000, 0x00000000d5580000)
  object space 85504K, 15% used [0x0000000080000000,0x0000000080cb1b80,0x0000000085380000)
 Metaspace       used 32519K, capacity 33328K, committed 33536K, reserved 1079296K
  class space    used 4530K, capacity 4741K, committed 4864K, reserved 1048576K

Card table byte_map: [0x000001a698e50000,0x000001a699260000] byte_map_base: 0x000001a698a50000

Marking Bits: (ParMarkBitMap*) 0x0000000074a94fb0
 Begin Bits: [0x000001a699510000, 0x000001a69b510000)
 End Bits:   [0x000001a69b510000, 0x000001a69d510000)

Polling page: 0x000001a688180000

CodeCache: size=245760Kb used=12206Kb max_used=12206Kb free=233553Kb
 bounds [0x000001a689a90000, 0x000001a68a690000, 0x000001a698a90000]
 total_blobs=3439 nmethods=2750 adapters=596
 compilation: enabled

Compilation events (10 events):
Event: 4.574 Thread 0x000001a6a10b3800 2739       3       sun.reflect.generics.parser.SignatureParser::parseMethodTypeSignature (41 bytes)
Event: 4.574 Thread 0x000001a6a10e0000 nmethod 2738 0x000001a68a64f9d0 code [0x000001a68a64fb60, 0x000001a68a64ff20]
Event: 4.574 Thread 0x000001a6a1093800 nmethod 2736 0x000001a68a64ee10 code [0x000001a68a64efc0, 0x000001a68a64f640]
Event: 4.574 Thread 0x000001a6a10ab000 nmethod 2737 0x000001a68a64e410 code [0x000001a68a64e5c0, 0x000001a68a64eb60]
Event: 4.574 Thread 0x000001a6a10b3800 nmethod 2739 0x000001a68a659850 code [0x000001a68a659a40, 0x000001a68a65a150]
Event: 4.574 Thread 0x000001a6a1004000 2740       4       org.gradle.internal.instantiation.generator.AbstractClassGenerator$DisabledAnnotationValidator::validateMethod (64 bytes)
Event: 4.577 Thread 0x000001a6a10b3800 2741  s    3       java.lang.StringBuffer::append (15 bytes)
Event: 4.577 Thread 0x000001a6a10b3800 nmethod 2741 0x000001a68a64de90 code [0x000001a68a64e000, 0x000001a68a64e330]
Event: 4.578 Thread 0x000001a6a1004000 nmethod 2740 0x000001a68a65d590 code [0x000001a68a65d700, 0x000001a68a65dbb8]
Event: 4.581 Thread 0x000001a6a106e000 nmethod 2535 0x000001a68a663c50 code [0x000001a68a664820, 0x000001a68a66bae8]

GC Heap History (10 events):
Event: 2.804 GC heap before
{Heap before GC invocations=4 (full 1):
 PSYoungGen      total 73728K, used 5813K [0x00000000d5580000, 0x00000000da780000, 0x0000000100000000)
  eden space 63488K, 0% used [0x00000000d5580000,0x00000000d5580000,0x00000000d9380000)
  from space 10240K, 56% used [0x00000000d9380000,0x00000000d992d418,0x00000000d9d80000)
  to   space 10240K, 0% used [0x00000000d9d80000,0x00000000d9d80000,0x00000000da780000)
 ParOldGen       total 167936K, used 32K [0x0000000080000000, 0x000000008a400000, 0x00000000d5580000)
  object space 167936K, 0% used [0x0000000080000000,0x0000000080008000,0x000000008a400000)
 Metaspace       used 15210K, capacity 15702K, committed 15872K, reserved 1067008K
  class space    used 2052K, capacity 2221K, committed 2304K, reserved 1048576K
Event: 2.822 GC heap after
Heap after GC invocations=4 (full 1):
 PSYoungGen      total 73728K, used 0K [0x00000000d5580000, 0x00000000da780000, 0x0000000100000000)
  eden space 63488K, 0% used [0x00000000d5580000,0x00000000d5580000,0x00000000d9380000)
  from space 10240K, 0% used [0x00000000d9380000,0x00000000d9380000,0x00000000d9d80000)
  to   space 10240K, 0% used [0x00000000d9d80000,0x00000000d9d80000,0x00000000da780000)
 ParOldGen       total 85504K, used 5479K [0x0000000080000000, 0x0000000085380000, 0x00000000d5580000)
  object space 85504K, 6% used [0x0000000080000000,0x0000000080559ee8,0x0000000085380000)
 Metaspace       used 15210K, capacity 15702K, committed 15872K, reserved 1064960K
  class space    used 2052K, capacity 2221K, committed 2304K, reserved 1048576K
}
Event: 3.406 GC heap before
{Heap before GC invocations=5 (full 1):
 PSYoungGen      total 73728K, used 63488K [0x00000000d5580000, 0x00000000da780000, 0x0000000100000000)
  eden space 63488K, 100% used [0x00000000d5580000,0x00000000d9380000,0x00000000d9380000)
  from space 10240K, 0% used [0x00000000d9380000,0x00000000d9380000,0x00000000d9d80000)
  to   space 10240K, 0% used [0x00000000d9d80000,0x00000000d9d80000,0x00000000da780000)
 ParOldGen       total 85504K, used 5479K [0x0000000080000000, 0x0000000085380000, 0x00000000d5580000)
  object space 85504K, 6% used [0x0000000080000000,0x0000000080559ee8,0x0000000085380000)
 Metaspace       used 20365K, capacity 21008K, committed 21376K, reserved 1069056K
  class space    used 2913K, capacity 3118K, committed 3200K, reserved 1048576K
Event: 3.410 GC heap after
Heap after GC invocations=5 (full 1):
 PSYoungGen      total 73728K, used 7275K [0x00000000d5580000, 0x00000000da780000, 0x0000000100000000)
  eden space 63488K, 0% used [0x00000000d5580000,0x00000000d5580000,0x00000000d9380000)
  from space 10240K, 71% used [0x00000000d9d80000,0x00000000da49ac00,0x00000000da780000)
  to   space 10240K, 0% used [0x00000000d9380000,0x00000000d9380000,0x00000000d9d80000)
 ParOldGen       total 85504K, used 5487K [0x0000000080000000, 0x0000000085380000, 0x00000000d5580000)
  object space 85504K, 6% used [0x0000000080000000,0x000000008055bee8,0x0000000085380000)
 Metaspace       used 20365K, capacity 21008K, committed 21376K, reserved 1069056K
  class space    used 2913K, capacity 3118K, committed 3200K, reserved 1048576K
}
Event: 3.884 GC heap before
{Heap before GC invocations=6 (full 1):
 PSYoungGen      total 73728K, used 64038K [0x00000000d5580000, 0x00000000da780000, 0x0000000100000000)
  eden space 63488K, 89% used [0x00000000d5580000,0x00000000d8ceee10,0x00000000d9380000)
  from space 10240K, 71% used [0x00000000d9d80000,0x00000000da49ac00,0x00000000da780000)
  to   space 10240K, 0% used [0x00000000d9380000,0x00000000d9380000,0x00000000d9d80000)
 ParOldGen       total 85504K, used 5487K [0x0000000080000000, 0x0000000085380000, 0x00000000d5580000)
  object space 85504K, 6% used [0x0000000080000000,0x000000008055bee8,0x0000000085380000)
 Metaspace       used 25592K, capacity 26310K, committed 26456K, reserved 1073152K
  class space    used 3641K, capacity 3837K, committed 3840K, reserved 1048576K
Event: 3.889 GC heap after
Heap after GC invocations=6 (full 1):
 PSYoungGen      total 73728K, used 8629K [0x00000000d5580000, 0x00000000da780000, 0x0000000100000000)
  eden space 63488K, 0% used [0x00000000d5580000,0x00000000d5580000,0x00000000d9380000)
  from space 10240K, 84% used [0x00000000d9380000,0x00000000d9bed738,0x00000000d9d80000)
  to   space 10240K, 0% used [0x00000000d9d80000,0x00000000d9d80000,0x00000000da780000)
 ParOldGen       total 85504K, used 5495K [0x0000000080000000, 0x0000000085380000, 0x00000000d5580000)
  object space 85504K, 6% used [0x0000000080000000,0x000000008055dee8,0x0000000085380000)
 Metaspace       used 25592K, capacity 26310K, committed 26456K, reserved 1073152K
  class space    used 3641K, capacity 3837K, committed 3840K, reserved 1048576K
}
Event: 3.889 GC heap before
{Heap before GC invocations=7 (full 2):
 PSYoungGen      total 73728K, used 8629K [0x00000000d5580000, 0x00000000da780000, 0x0000000100000000)
  eden space 63488K, 0% used [0x00000000d5580000,0x00000000d5580000,0x00000000d9380000)
  from space 10240K, 84% used [0x00000000d9380000,0x00000000d9bed738,0x00000000d9d80000)
  to   space 10240K, 0% used [0x00000000d9d80000,0x00000000d9d80000,0x00000000da780000)
 ParOldGen       total 85504K, used 5495K [0x0000000080000000, 0x0000000085380000, 0x00000000d5580000)
  object space 85504K, 6% used [0x0000000080000000,0x000000008055dee8,0x0000000085380000)
 Metaspace       used 25592K, capacity 26310K, committed 26456K, reserved 1073152K
  class space    used 3641K, capacity 3837K, committed 3840K, reserved 1048576K
Event: 3.934 GC heap after
Heap after GC invocations=7 (full 2):
 PSYoungGen      total 73728K, used 0K [0x00000000d5580000, 0x00000000da780000, 0x0000000100000000)
  eden space 63488K, 0% used [0x00000000d5580000,0x00000000d5580000,0x00000000d9380000)
  from space 10240K, 0% used [0x00000000d9380000,0x00000000d9380000,0x00000000d9d80000)
  to   space 10240K, 0% used [0x00000000d9d80000,0x00000000d9d80000,0x00000000da780000)
 ParOldGen       total 85504K, used 12990K [0x0000000080000000, 0x0000000085380000, 0x00000000d5580000)
  object space 85504K, 15% used [0x0000000080000000,0x0000000080cafb80,0x0000000085380000)
 Metaspace       used 25592K, capacity 26310K, committed 26456K, reserved 1073152K
  class space    used 3641K, capacity 3837K, committed 3840K, reserved 1048576K
}
Event: 4.516 GC heap before
{Heap before GC invocations=8 (full 2):
 PSYoungGen      total 73728K, used 63488K [0x00000000d5580000, 0x00000000da780000, 0x0000000100000000)
  eden space 63488K, 100% used [0x00000000d5580000,0x00000000d9380000,0x00000000d9380000)
  from space 10240K, 0% used [0x00000000d9380000,0x00000000d9380000,0x00000000d9d80000)
  to   space 10240K, 0% used [0x00000000d9d80000,0x00000000d9d80000,0x00000000da780000)
 ParOldGen       total 85504K, used 12990K [0x0000000080000000, 0x0000000085380000, 0x00000000d5580000)
  object space 85504K, 15% used [0x0000000080000000,0x0000000080cafb80,0x0000000085380000)
 Metaspace       used 31974K, capacity 32764K, committed 32896K, reserved 1079296K
  class space    used 4437K, capacity 4642K, committed 4736K, reserved 1048576K
Event: 4.521 GC heap after
Heap after GC invocations=8 (full 2):
 PSYoungGen      total 73728K, used 7142K [0x00000000d5580000, 0x00000000da780000, 0x0000000100000000)
  eden space 63488K, 0% used [0x00000000d5580000,0x00000000d5580000,0x00000000d9380000)
  from space 10240K, 69% used [0x00000000d9d80000,0x00000000da479880,0x00000000da780000)
  to   space 10240K, 0% used [0x00000000d9380000,0x00000000d9380000,0x00000000d9d80000)
 ParOldGen       total 85504K, used 12998K [0x0000000080000000, 0x0000000085380000, 0x00000000d5580000)
  object space 85504K, 15% used [0x0000000080000000,0x0000000080cb1b80,0x0000000085380000)
 Metaspace       used 31974K, capacity 32764K, committed 32896K, reserved 1079296K
  class space    used 4437K, capacity 4642K, committed 4736K, reserved 1048576K
}

Deoptimization events (10 events):
Event: 4.111 Thread 0x000001a6a3172800 Uncommon trap: reason=unstable_if action=reinterpret pc=0x000001a68a194f3c method=java.lang.String.regionMatches(ZILjava/lang/String;II)Z @ 41
Event: 4.119 Thread 0x000001a6a3172800 Uncommon trap: reason=class_check action=maybe_recompile pc=0x000001a68a3c33d0 method=sun.misc.URLClassPath.getLoader(I)Lsun/misc/URLClassPath$Loader; @ 239
Event: 4.282 Thread 0x000001a6a3172800 Uncommon trap: reason=unstable_if action=reinterpret pc=0x000001a689ed82f8 method=java.util.HashMap.getNode(ILjava/lang/Object;)Ljava/util/HashMap$Node; @ 53
Event: 4.282 Thread 0x000001a6a3172800 Uncommon trap: reason=unstable_if action=reinterpret pc=0x000001a68a1566b0 method=java.util.HashMap.hash(Ljava/lang/Object;)I @ 1
Event: 4.345 Thread 0x000001a6a3172800 Uncommon trap: reason=unstable_if action=reinterpret pc=0x000001a68a59b078 method=org.gradle.internal.reflect.PropertyAccessorType.isGetGetterName(Ljava/lang/String;)Z @ 14
Event: 4.365 Thread 0x000001a6a3172800 Uncommon trap: reason=unstable_if action=reinterpret pc=0x000001a68a379d88 method=org.objectweb.asm.ByteVector.putShort(I)Lorg/objectweb/asm/ByteVector; @ 13
Event: 4.436 Thread 0x000001a6a3172800 Uncommon trap: reason=class_check action=maybe_recompile pc=0x000001a68a3c3008 method=sun.misc.URLClassPath.getLoader(I)Lsun/misc/URLClassPath$Loader; @ 94
Event: 4.441 Thread 0x000001a6a3172800 Uncommon trap: reason=class_check action=maybe_recompile pc=0x000001a68a3cc28c method=sun.misc.URLClassPath.getLoader(I)Lsun/misc/URLClassPath$Loader; @ 239
Event: 4.509 Thread 0x000001a6a3172800 Uncommon trap: reason=unstable_if action=reinterpret pc=0x000001a68a614ba4 method=org.codehaus.groovy.runtime.metaclass.MetaMethodIndex.addMethodToList(Ljava/lang/Object;Lgroovy/lang/MetaMethod;)Ljava/lang/Object; @ 226
Event: 4.534 Thread 0x000001a6a3172800 Uncommon trap: reason=class_check action=maybe_recompile pc=0x000001a68a3f8234 method=java.util.WeakHashMap.eq(Ljava/lang/Object;Ljava/lang/Object;)Z @ 7

Classes redefined (0 events):
No events

Internal exceptions (10 events):
Event: 4.529 Thread 0x000001a6a3172800 Exception <a 'java/lang/ClassNotFoundException': org/gradle/api/internal/DefaultNamedDomainObjectCollectionBeanInfo> (0x00000000d57eebd0) thrown at [C:\jenkins\workspace\8-2-build-windows-amd64-cygwin\jdk8u261\295\hotspot\src\share\vm\classfile\systemDict
Event: 4.530 Thread 0x000001a6a3172800 Exception <a 'java/lang/ClassNotFoundException': org/gradle/api/internal/DefaultDomainObjectCollectionBeanInfo> (0x00000000d58245e8) thrown at [C:\jenkins\workspace\8-2-build-windows-amd64-cygwin\jdk8u261\295\hotspot\src\share\vm\classfile\systemDictionar
Event: 4.530 Thread 0x000001a6a3172800 Exception <a 'java/lang/ClassNotFoundException': java/util/AbstractCollectionBeanInfo> (0x00000000d5828d40) thrown at [C:\jenkins\workspace\8-2-build-windows-amd64-cygwin\jdk8u261\295\hotspot\src\share\vm\classfile\systemDictionary.cpp, line 210]
Event: 4.530 Thread 0x000001a6a3172800 Exception <a 'java/lang/ClassNotFoundException': java/util/AbstractCollectionCustomizer> (0x00000000d582d4a8) thrown at [C:\jenkins\workspace\8-2-build-windows-amd64-cygwin\jdk8u261\295\hotspot\src\share\vm\classfile\systemDictionary.cpp, line 210]
Event: 4.532 Thread 0x000001a6a3172800 Exception <a 'java/lang/ClassNotFoundException': org/gradle/api/internal/DefaultDomainObjectCollectionCustomizer> (0x00000000d58743d0) thrown at [C:\jenkins\workspace\8-2-build-windows-amd64-cygwin\jdk8u261\295\hotspot\src\share\vm\classfile\systemDiction
Event: 4.534 Thread 0x000001a6a3172800 Exception <a 'java/lang/ClassNotFoundException': org/gradle/api/internal/DefaultNamedDomainObjectCollectionCustomizer> (0x00000000d58d3d60) thrown at [C:\jenkins\workspace\8-2-build-windows-amd64-cygwin\jdk8u261\295\hotspot\src\share\vm\classfile\systemDi
Event: 4.537 Thread 0x000001a6a3172800 Exception <a 'java/lang/ClassNotFoundException': org/gradle/api/internal/DefaultNamedDomainObjectListCustomizer> (0x00000000d594a160) thrown at [C:\jenkins\workspace\8-2-build-windows-amd64-cygwin\jdk8u261\295\hotspot\src\share\vm\classfile\systemDictiona
Event: 4.538 Thread 0x000001a6a3172800 Exception <a 'java/lang/ClassNotFoundException': org/gradle/api/internal/artifacts/DefaultArtifactRepositoryContainerCustomizer> (0x00000000d59c1d70) thrown at [C:\jenkins\workspace\8-2-build-windows-amd64-cygwin\jdk8u261\295\hotspot\src\share\vm\classfil
Event: 4.540 Thread 0x000001a6a3172800 Exception <a 'java/lang/ClassNotFoundException': org/gradle/api/internal/artifacts/dsl/DefaultRepositoryHandlerCustomizer> (0x00000000d5a29bd0) thrown at [C:\jenkins\workspace\8-2-build-windows-amd64-cygwin\jdk8u261\295\hotspot\src\share\vm\classfile\syst
Event: 4.541 Thread 0x000001a6a3172800 Exception <a 'java/lang/ClassNotFoundException': org/gradle/api/internal/artifacts/dsl/DefaultRepositoryHandler_DecoratedCustomizer> (0x00000000d5aa8240) thrown at [C:\jenkins\workspace\8-2-build-windows-amd64-cygwin\jdk8u261\295\hotspot\src\share\vm\clas

Events (10 events):
Event: 4.580 loading class org/gradle/api/internal/artifacts/repositories/DefaultMavenRepositoryContentDescriptor
Event: 4.580 loading class org/gradle/api/internal/artifacts/repositories/DefaultMavenRepositoryContentDescriptor done
Event: 4.580 loading class org/gradle/api/artifacts/repositories/MavenRepositoryContentDescriptor
Event: 4.580 loading class org/gradle/api/artifacts/repositories/MavenRepositoryContentDescriptor done
Event: 4.581 loading class org/gradle/api/internal/artifacts/repositories/DefaultRepositoryContentDescriptor
Event: 4.581 loading class org/gradle/api/internal/artifacts/repositories/DefaultRepositoryContentDescriptor done
Event: 4.582 loading class org/gradle/api/internal/artifacts/repositories/AuthenticationSupporter
Event: 4.582 loading class org/gradle/api/internal/artifacts/repositories/AuthenticationSupporter done
Event: 4.583 loading class org/gradle/api/internal/artifacts/repositories/DefaultMavenArtifactRepository
Event: 4.583 loading class org/gradle/api/internal/artifacts/repositories/DefaultMavenArtifactRepository done


Dynamic libraries:
0x00007ff6d2c30000 - 0x00007ff6d2c77000 	C:\Program Files\Java\jdk1.8.0_261\bin\java.exe
0x00007ffa2b960000 - 0x00007ffa2bb50000 	C:\Windows\SYSTEM32\ntdll.dll
0x00007ffa2a5e0000 - 0x00007ffa2a692000 	C:\Windows\System32\KERNEL32.DLL
0x00007ffa28940000 - 0x00007ffa28be5000 	C:\Windows\System32\KERNELBASE.dll
0x00007ffa2b640000 - 0x00007ffa2b6e3000 	C:\Windows\System32\ADVAPI32.dll
0x00007ffa2a040000 - 0x00007ffa2a0de000 	C:\Windows\System32\msvcrt.dll
0x00007ffa2a6a0000 - 0x00007ffa2a737000 	C:\Windows\System32\sechost.dll
0x00007ffa2b450000 - 0x00007ffa2b570000 	C:\Windows\System32\RPCRT4.dll
0x00007ffa2b050000 - 0x00007ffa2b1e5000 	C:\Windows\System32\USER32.dll
0x00007ffa28fd0000 - 0x00007ffa28ff1000 	C:\Windows\System32\win32u.dll
0x00007ffa29a10000 - 0x00007ffa29a36000 	C:\Windows\System32\GDI32.dll
0x00007ffa29870000 - 0x00007ffa29a06000 	C:\Windows\System32\gdi32full.dll
0x00007ffa29000000 - 0x00007ffa2909e000 	C:\Windows\System32\msvcp_win.dll
0x00007ffa28d00000 - 0x00007ffa28dfa000 	C:\Windows\System32\ucrtbase.dll
0x00007ffa1b9c0000 - 0x00007ffa1bc44000 	C:\Windows\WinSxS\amd64_microsoft.windows.common-controls_6595b64144ccf1df_6.0.18362.1082_none_9e8193e1e45b25c1\COMCTL32.dll
0x00007ffa2a2a0000 - 0x00007ffa2a5d5000 	C:\Windows\System32\combase.dll
0x00007ffa28e00000 - 0x00007ffa28e80000 	C:\Windows\System32\bcryptPrimitives.dll
0x00007ffa2a0e0000 - 0x00007ffa2a10e000 	C:\Windows\System32\IMM32.DLL
0x00007ffa1ad80000 - 0x00007ffa1ad95000 	C:\Program Files\Java\jdk1.8.0_261\jre\bin\vcruntime140.dll
0x00007ff9f4910000 - 0x00007ff9f49ab000 	C:\Program Files\Java\jdk1.8.0_261\jre\bin\msvcp140.dll
0x00000000742a0000 - 0x0000000074b0c000 	C:\Program Files\Java\jdk1.8.0_261\jre\bin\server\jvm.dll
0x00007ffa2a280000 - 0x00007ffa2a288000 	C:\Windows\System32\PSAPI.DLL
0x00007ffa10e50000 - 0x00007ffa10e59000 	C:\Windows\SYSTEM32\WSOCK32.dll
0x00007ffa270d0000 - 0x00007ffa270f4000 	C:\Windows\SYSTEM32\WINMM.dll
0x00007ffa2b1f0000 - 0x00007ffa2b25f000 	C:\Windows\System32\WS2_32.dll
0x00007ffa24b70000 - 0x00007ffa24b7a000 	C:\Windows\SYSTEM32\VERSION.dll
0x00007ffa27080000 - 0x00007ffa270ad000 	C:\Windows\SYSTEM32\winmmbase.dll
0x00007ffa288f0000 - 0x00007ffa2893a000 	C:\Windows\System32\cfgmgr32.dll
0x00007ffa288d0000 - 0x00007ffa288e1000 	C:\Windows\System32\kernel.appcore.dll
0x00007ffa260c0000 - 0x00007ffa260d0000 	C:\Program Files\Java\jdk1.8.0_261\jre\bin\verify.dll
0x00007ffa12950000 - 0x00007ffa1297b000 	C:\Program Files\Java\jdk1.8.0_261\jre\bin\java.dll
0x00007ffa1acf0000 - 0x00007ffa1ad08000 	C:\Program Files\Java\jdk1.8.0_261\jre\bin\zip.dll
0x00007ffa2a960000 - 0x00007ffa2b047000 	C:\Windows\System32\SHELL32.dll
0x00007ffa2b260000 - 0x00007ffa2b309000 	C:\Windows\System32\shcore.dll
0x00007ffa290d0000 - 0x00007ffa29850000 	C:\Windows\System32\windows.storage.dll
0x00007ffa288a0000 - 0x00007ffa288c3000 	C:\Windows\System32\profapi.dll
0x00007ffa28850000 - 0x00007ffa2889a000 	C:\Windows\System32\powrprof.dll
0x00007ffa28820000 - 0x00007ffa28830000 	C:\Windows\System32\UMPDC.dll
0x00007ffa29a40000 - 0x00007ffa29a92000 	C:\Windows\System32\shlwapi.dll
0x00007ffa29850000 - 0x00007ffa29867000 	C:\Windows\System32\cryptsp.dll
0x00007ffa195a0000 - 0x00007ffa195bc000 	C:\Program Files\Java\jdk1.8.0_261\jre\bin\net.dll
0x00007ffa28010000 - 0x00007ffa28077000 	C:\Windows\system32\mswsock.dll
0x00007ffa15f00000 - 0x00007ffa15f13000 	C:\Program Files\Java\jdk1.8.0_261\jre\bin\nio.dll
0x00007ff9f4b10000 - 0x00007ff9f4b36000 	C:\Users\kobe\.gradle\native\31\windows-amd64\native-platform.dll
0x00007ffa26090000 - 0x00007ffa2609d000 	C:\Program Files\Java\jdk1.8.0_261\jre\bin\management.dll
0x00007ffa27b80000 - 0x00007ffa27bb3000 	C:\Windows\system32\rsaenh.dll
0x00007ffa290a0000 - 0x00007ffa290c6000 	C:\Windows\System32\bcrypt.dll
0x00007ffa28700000 - 0x00007ffa28725000 	C:\Windows\SYSTEM32\USERENV.dll
0x00007ffa28240000 - 0x00007ffa2824c000 	C:\Windows\SYSTEM32\CRYPTBASE.dll
0x00007ffa27d20000 - 0x00007ffa27d5a000 	C:\Windows\SYSTEM32\IPHLPAPI.DLL
0x00007ffa2a110000 - 0x00007ffa2a118000 	C:\Windows\System32\NSI.dll
0x00007ffa201b0000 - 0x00007ffa201c6000 	C:\Windows\SYSTEM32\dhcpcsvc6.DLL
0x00007ffa20190000 - 0x00007ffa201ac000 	C:\Windows\SYSTEM32\dhcpcsvc.DLL
0x00007ffa27d60000 - 0x00007ffa27e2b000 	C:\Windows\SYSTEM32\DNSAPI.dll
0x00007ffa26e80000 - 0x00007ffa27074000 	C:\Windows\SYSTEM32\dbghelp.dll

VM Arguments:
jvm_args: -Xmx2048m -Dfile.encoding=GBK -Duser.country=CN -Duser.language=zh -Duser.variant 
java_command: org.gradle.launcher.daemon.bootstrap.GradleDaemon 6.1.1
java_class_path (initial): C:\Users\kobe\.gradle\wrapper\dists\gradle-6.1.1-all\cfmwm155h49vnt3hynmlrsdst\gradle-6.1.1\lib\gradle-launcher-6.1.1.jar
Launcher Type: SUN_STANDARD

Environment Variables:
JAVA_HOME=C:\Program Files\Java\jdk1.8.0_261
CLASSPATH=.;C:\Program Files\Java\jdk1.8.0_261\lib;C:\Program Files\Java\jdk1.8.0_261\lib\tool.jar
PATH=C:\Program Files (x86)\Common Files\Oracle\Java\javapath;C:\Windows\system32;C:\Windows;C:\Windows\System32\Wbem;C:\Windows\System32\WindowsPowerShell\v1.0\;C:\Windows\System32\OpenSSH\;C:\Program Files\Java\jdk1.8.0_261\bin;.;C:\Program Files\Java\jdk1.8.0_261\lib;C:\Program Files\Java\jdk1.8.0_261\lib\tool.jar;C:\Program Files\Git\cmd;C:\Program Files\TortoiseSVN\bin;C:\Program Files\OpenVPN\bin;D:\android_sdk\Android\Sdk\platform-tools;D:\android_sdk\Android\Sdk\emulator;D:\android_sdk\Android\Sdk\tools;D:\android_sdk\Android\Sdk\tools\bin;C:\Program Files\nodejs\;C:\Users\kobe\AppData\Local\Microsoft\WindowsApps;C:\Users\kobe\AppData\Roaming\npm
USERNAME=kobe
OS=Windows_NT
PROCESSOR_IDENTIFIER=AMD64 Family 23 Model 96 Stepping 1, AuthenticAMD



---------------  S Y S T E M  ---------------

OS: Windows 10.0 , 64 bit Build 18362 (10.0.18362.1082)

CPU:total 16 (initial active 16) (16 cores per cpu, 1 threads per core) family 23 model 96 stepping 1, cmov, cx8, fxsr, mmx, sse, sse2, sse3, ssse3, sse4.1, sse4.2, popcnt, avx, avx2, aes, clmul, mmxext, 3dnowpref, lzcnt, sse4a, tsc, tscinvbit, tscinv, bmi1

Memory: 4k page, physical 16112436k(1647856k free), swap 29219632k(576k free)

vm_info: Java HotSpot(TM) 64-Bit Server VM (25.261-b12) for windows-amd64 JRE (1.8.0_261-b12), built on Jun 18 2020 06:56:32 by "" with unknown MS VC++:1916

time: Thu Sep 17 14:09:16 2020
timezone: ?D1¨²¡À¨º¡Á?¨º¡À??
elapsed time: 4 seconds (0d 0h 0m 4s)

